<?xml version="1.0" encoding="UTF-8"?>
<!-- Generated by org.testng.reporters.JUnitXMLReporter -->
<testsuite hostname="DESKTOP-A28BAJQ" ignored="0" name="Test" tests="1" failures="1" timestamp="12 Dec 2019 07:00:06 GMT" time="18.039" errors="0">
  <testcase name="ShippingTest" time="8.858" classname="ups.pack.testRunner.UpsShippingTest">
    <failure type="java.lang.AssertionError" message="null">
      <![CDATA[java.lang.AssertionError: null
at ups.pack.testRunner.UpsShippingTest.ShippingTest(UpsShippingTest.java:48)
... Removed 27 stack frames]]>
    </failure>
  </testcase> <!-- ShippingTest -->
</testsuite> <!-- Test -->
