<?xml version="1.0" encoding="UTF-8"?>
<!-- Generated by org.testng.reporters.JUnitXMLReporter -->
<testsuite hostname="DESKTOP-A28BAJQ" ignored="0" name="Default test(failed)" tests="1" failures="1" timestamp="12 Dec 2019 06:38:08 GMT" time="18.377" errors="0">
  <testcase name="ShippingTest" time="6.613" classname="ups.pack.testRunner.UpsShippingTest">
    <failure type="java.lang.AssertionError" message="null">
      <![CDATA[java.lang.AssertionError: null
at ups.pack.testRunner.UpsShippingTest.ShippingTest(UpsShippingTest.java:46)
... Removed 27 stack frames]]>
    </failure>
  </testcase> <!-- ShippingTest -->
</testsuite> <!-- Default test(failed) -->
