<?xml version="1.0" encoding="UTF-8"?>
<testng-results skipped="0" failed="0" ignored="0" total="1" passed="1">
  <reporter-output>
  </reporter-output>
  <suite name="Default suite" duration-ms="11699" started-at="2019-12-12T21:16:34Z" finished-at="2019-12-12T21:16:45Z">
    <groups>
    </groups>
    <test name="Default test" duration-ms="11699" started-at="2019-12-12T21:16:34Z" finished-at="2019-12-12T21:16:45Z">
      <class name="ups.pack.testRunner.UpsShippingTest">
        <test-method status="PASS" signature="beforeMethod()[pri:0, instance:ups.pack.testRunner.UpsShippingTest@272113c4]" name="beforeMethod" is-config="true" duration-ms="6269" started-at="2019-12-12T21:16:34Z" finished-at="2019-12-12T21:16:40Z">
          <reporter-output>
          </reporter-output>
        </test-method> <!-- beforeMethod -->
        <test-method status="PASS" signature="ShippingTest()[pri:0, instance:ups.pack.testRunner.UpsShippingTest@272113c4]" name="ShippingTest" duration-ms="5103" started-at="2019-12-12T21:16:40Z" finished-at="2019-12-12T21:16:45Z">
          <reporter-output>
          </reporter-output>
        </test-method> <!-- ShippingTest -->
        <test-method status="PASS" signature="afterTest()[pri:0, instance:ups.pack.testRunner.UpsShippingTest@272113c4]" name="afterTest" is-config="true" duration-ms="282" started-at="2019-12-12T21:16:45Z" finished-at="2019-12-12T21:16:45Z">
          <reporter-output>
          </reporter-output>
        </test-method> <!-- afterTest -->
      </class> <!-- ups.pack.testRunner.UpsShippingTest -->
    </test> <!-- Default test -->
  </suite> <!-- Default suite -->
</testng-results>
